{"/Users/loren.walsh/Desktop/cuilcaghSPOTapp/server/src/services/user.ts": {"path":"/Users/loren.walsh/Desktop/cuilcaghSPOTapp/server/src/services/user.ts","statementMap":{"0":{"start":{"line":1,"column":0},"end":{"line":1,"column":41}},"1":{"start":{"line":2,"column":0},"end":{"line":2,"column":28}},"2":{"start":{"line":7,"column":22},"end":{"line":7,"column":51}},"3":{"start":{"line":8,"column":24},"end":{"line":16,"column":5}},"4":{"start":{"line":9,"column":116},"end":{"line":16,"column":4}},"5":{"start":{"line":17,"column":2},"end":{"line":17,"column":15}},"6":{"start":{"line":22,"column":23},"end":{"line":24,"column":4}},"7":{"start":{"line":25,"column":24},"end":{"line":33,"column":5}},"8":{"start":{"line":26,"column":117},"end":{"line":33,"column":4}},"9":{"start":{"line":34,"column":2},"end":{"line":34,"column":15}},"10":{"start":{"line":40,"column":24},"end":{"line":42,"column":6}},"11":{"start":{"line":44,"column":24},"end":{"line":51,"column":null}},"12":{"start":{"line":53,"column":4},"end":{"line":53,"column":25}},"13":{"start":{"line":57,"column":24},"end":{"line":59,"column":6}},"14":{"start":{"line":61,"column":24},"end":{"line":68,"column":null}},"15":{"start":{"line":70,"column":4},"end":{"line":70,"column":25}},"16":{"start":{"line":74,"column":25},"end":{"line":76,"column":6}},"17":{"start":{"line":77,"column":26},"end":{"line":85,"column":7}},"18":{"start":{"line":78,"column":119},"end":{"line":85,"column":6}},"19":{"start":{"line":86,"column":4},"end":{"line":86,"column":17}},"20":{"start":{"line":90,"column":25},"end":{"line":92,"column":6}},"21":{"start":{"line":93,"column":26},"end":{"line":101,"column":7}},"22":{"start":{"line":94,"column":119},"end":{"line":101,"column":6}},"23":{"start":{"line":102,"column":4},"end":{"line":102,"column":17}},"24":{"start":{"line":108,"column":28},"end":{"line":116,"column":6}},"25":{"start":{"line":117,"column":4},"end":{"line":117,"column":16}},"26":{"start":{"line":123,"column":4},"end":{"line":123,"column":22}},"27":{"start":{"line":124,"column":23},"end":{"line":128,"column":6}},"28":{"start":{"line":130,"column":17},"end":{"line":130,"column":39}},"29":{"start":{"line":132,"column":27},"end":{"line":132,"column":69}},"30":{"start":{"line":133,"column":4},"end":{"line":133,"column":32}},"31":{"start":{"line":134,"column":20},"end":{"line":143,"column":4}},"32":{"start":{"line":144,"column":2},"end":{"line":144,"column":14}},"33":{"start":{"line":151,"column":4},"end":{"line":153,"column":7}},"34":{"start":{"line":155,"column":4},"end":{"line":155,"column":21}},"35":{"start":{"line":158,"column":20},"end":{"line":168,"column":4}},"36":{"start":{"line":170,"column":11},"end":{"line":170,"column":22}}},"fnMap":{"0":{"name":"getAllUsers","decl":{"start":{"line":5,"column":15},"end":{"line":5,"column":26}},"loc":{"start":{"line":5,"column":26},"end":{"line":19,"column":1}}},"1":{"name":"(anonymous_2)","decl":{"start":{"line":8,"column":40},"end":{"line":8,"column":41}},"loc":{"start":{"line":9,"column":116},"end":{"line":16,"column":4}}},"2":{"name":"getUserByName","decl":{"start":{"line":21,"column":15},"end":{"line":21,"column":28}},"loc":{"start":{"line":21,"column":45},"end":{"line":35,"column":3}}},"3":{"name":"(anonymous_4)","decl":{"start":{"line":25,"column":40},"end":{"line":25,"column":41}},"loc":{"start":{"line":26,"column":117},"end":{"line":33,"column":4}}},"4":{"name":"getUserById","decl":{"start":{"line":39,"column":17},"end":{"line":39,"column":28}},"loc":{"start":{"line":39,"column":43},"end":{"line":54,"column":3}}},"5":{"name":"getUserByEmail","decl":{"start":{"line":56,"column":17},"end":{"line":56,"column":31}},"loc":{"start":{"line":56,"column":49},"end":{"line":71,"column":3}}},"6":{"name":"getTrustedUsers","decl":{"start":{"line":73,"column":17},"end":{"line":73,"column":32}},"loc":{"start":{"line":73,"column":53},"end":{"line":87,"column":5}}},"7":{"name":"(anonymous_8)","decl":{"start":{"line":77,"column":42},"end":{"line":77,"column":43}},"loc":{"start":{"line":78,"column":119},"end":{"line":85,"column":6}}},"8":{"name":"getUserByLevel","decl":{"start":{"line":89,"column":17},"end":{"line":89,"column":31}},"loc":{"start":{"line":89,"column":49},"end":{"line":103,"column":5}}},"9":{"name":"(anonymous_10)","decl":{"start":{"line":93,"column":42},"end":{"line":93,"column":43}},"loc":{"start":{"line":94,"column":119},"end":{"line":101,"column":6}}},"10":{"name":"updateUser","decl":{"start":{"line":107,"column":17},"end":{"line":107,"column":27}},"loc":{"start":{"line":107,"column":38},"end":{"line":118,"column":3}}},"11":{"name":"createUser","decl":{"start":{"line":122,"column":15},"end":{"line":122,"column":25}},"loc":{"start":{"line":122,"column":42},"end":{"line":145,"column":3}}},"12":{"name":"deleteUserById","decl":{"start":{"line":149,"column":17},"end":{"line":149,"column":31}},"loc":{"start":{"line":149,"column":46},"end":{"line":156,"column":3}}}},"branchMap":{},"s":{"0":1,"1":1,"2":1,"3":1,"4":1,"5":1,"6":1,"7":1,"8":1,"9":1,"10":1,"11":1,"12":1,"13":1,"14":1,"15":1,"16":0,"17":0,"18":0,"19":0,"20":1,"21":1,"22":1,"23":1,"24":1,"25":1,"26":1,"27":1,"28":1,"29":1,"30":1,"31":1,"32":1,"33":1,"34":1,"35":1,"36":1},"f":{"0":1,"1":1,"2":1,"3":1,"4":1,"5":1,"6":0,"7":0,"8":1,"9":1,"10":1,"11":1,"12":1},"b":{}}
,"/Users/loren.walsh/Desktop/cuilcaghSPOTapp/server/src/testutil/prisma.ts": {"path":"/Users/loren.walsh/Desktop/cuilcaghSPOTapp/server/src/testutil/prisma.ts","statementMap":{"0":{"start":{"line":1,"column":0},"end":{"line":1,"column":41}},"1":{"start":{"line":3,"column":20},"end":{"line":3,"column":33}},"2":{"start":{"line":5,"column":9},"end":{"line":5,"column":20}}},"fnMap":{},"branchMap":{},"s":{"0":1,"1":1,"2":1},"f":{},"b":{}}
,"/Users/loren.walsh/Desktop/cuilcaghSPOTapp/server/src/utils/prisma.ts": {"path":"/Users/loren.walsh/Desktop/cuilcaghSPOTapp/server/src/utils/prisma.ts","statementMap":{"0":{"start":{"line":1,"column":0},"end":{"line":1,"column":46}},"1":{"start":{"line":3,"column":15},"end":{"line":3,"column":33}},"2":{"start":{"line":5,"column":9},"end":{"line":5,"column":15}}},"fnMap":{},"branchMap":{},"s":{"0":1,"1":1,"2":1},"f":{},"b":{}}
}
