{"/Users/loren.walsh/Desktop/cuilcaghSPOTapp/server/src/controllers/confirmedSighting.ts": {"path":"/Users/loren.walsh/Desktop/cuilcaghSPOTapp/server/src/controllers/confirmedSighting.ts","statementMap":{"0":{"start":{"line":2,"column":0},"end":{"line":2,"column":73}},"1":{"start":{"line":8,"column":2},"end":{"line":13,"column":null}},"2":{"start":{"line":9,"column":22},"end":{"line":9,"column":79}},"3":{"start":{"line":10,"column":4},"end":{"line":10,"column":43}},"4":{"start":{"line":12,"column":6},"end":{"line":12,"column":51}},"5":{"start":{"line":17,"column":2},"end":{"line":23,"column":null}},"6":{"start":{"line":18,"column":39},"end":{"line":18,"column":47}},"7":{"start":{"line":19,"column":22},"end":{"line":19,"column":89}},"8":{"start":{"line":20,"column":4},"end":{"line":20,"column":43}},"9":{"start":{"line":22,"column":6},"end":{"line":22,"column":54}},"10":{"start":{"line":27,"column":2},"end":{"line":33,"column":null}},"11":{"start":{"line":28,"column":31},"end":{"line":28,"column":39}},"12":{"start":{"line":29,"column":22},"end":{"line":29,"column":81}},"13":{"start":{"line":30,"column":4},"end":{"line":30,"column":43}},"14":{"start":{"line":32,"column":6},"end":{"line":32,"column":50}},"15":{"start":{"line":39,"column":2},"end":{"line":45,"column":null}},"16":{"start":{"line":40,"column":43},"end":{"line":40,"column":51}},"17":{"start":{"line":41,"column":28},"end":{"line":41,"column":95}},"18":{"start":{"line":42,"column":4},"end":{"line":42,"column":49}},"19":{"start":{"line":44,"column":6},"end":{"line":44,"column":57}},"20":{"start":{"line":51,"column":37},"end":{"line":51,"column":45}},"21":{"start":{"line":53,"column":26},"end":{"line":53,"column":96}},"22":{"start":{"line":54,"column":2},"end":{"line":56,"column":null}},"23":{"start":{"line":55,"column":4},"end":{"line":55,"column":58}},"24":{"start":{"line":57,"column":2},"end":{"line":57,"column":47}},"25":{"start":{"line":60,"column":36},"end":{"line":66,"column":4}},"26":{"start":{"line":68,"column":11},"end":{"line":68,"column":38}}},"fnMap":{"0":{"name":"getAllConfirmedSightings","decl":{"start":{"line":7,"column":15},"end":{"line":7,"column":39}},"loc":{"start":{"line":7,"column":67},"end":{"line":14,"column":3}}},"1":{"name":"getSightingsByOrganismId","decl":{"start":{"line":16,"column":15},"end":{"line":16,"column":39}},"loc":{"start":{"line":16,"column":67},"end":{"line":24,"column":3}}},"2":{"name":"getSightingsByUserId","decl":{"start":{"line":26,"column":15},"end":{"line":26,"column":35}},"loc":{"start":{"line":26,"column":63},"end":{"line":34,"column":3}}},"3":{"name":"createConfirmedSighting","decl":{"start":{"line":38,"column":15},"end":{"line":38,"column":38}},"loc":{"start":{"line":38,"column":66},"end":{"line":46,"column":3}}},"4":{"name":"deleteSightingById","decl":{"start":{"line":50,"column":15},"end":{"line":50,"column":33}},"loc":{"start":{"line":50,"column":61},"end":{"line":58,"column":1}}}},"branchMap":{"0":{"loc":{"start":{"line":54,"column":2},"end":{"line":56,"column":null}},"type":"if","locations":[{"start":{"line":54,"column":2},"end":{"line":56,"column":null}}]}},"s":{"0":1,"1":1,"2":1,"3":1,"4":0,"5":1,"6":1,"7":1,"8":1,"9":0,"10":1,"11":1,"12":1,"13":1,"14":0,"15":1,"16":1,"17":1,"18":1,"19":0,"20":1,"21":1,"22":1,"23":0,"24":1,"25":1,"26":1},"f":{"0":1,"1":1,"2":1,"3":1,"4":1},"b":{"0":[0]}}
,"/Users/loren.walsh/Desktop/cuilcaghSPOTapp/server/src/controllers/organism.ts": {"path":"/Users/loren.walsh/Desktop/cuilcaghSPOTapp/server/src/controllers/organism.ts","statementMap":{"0":{"start":{"line":2,"column":0},"end":{"line":2,"column":55}},"1":{"start":{"line":8,"column":2},"end":{"line":13,"column":null}},"2":{"start":{"line":9,"column":22},"end":{"line":9,"column":61}},"3":{"start":{"line":10,"column":4},"end":{"line":10,"column":43}},"4":{"start":{"line":12,"column":6},"end":{"line":12,"column":52}},"5":{"start":{"line":17,"column":2},"end":{"line":23,"column":null}},"6":{"start":{"line":18,"column":37},"end":{"line":18,"column":45}},"7":{"start":{"line":19,"column":22},"end":{"line":19,"column":72}},"8":{"start":{"line":20,"column":4},"end":{"line":20,"column":43}},"9":{"start":{"line":22,"column":6},"end":{"line":22,"column":53}},"10":{"start":{"line":27,"column":2},"end":{"line":33,"column":null}},"11":{"start":{"line":28,"column":37},"end":{"line":28,"column":45}},"12":{"start":{"line":29,"column":19},"end":{"line":29,"column":68}},"13":{"start":{"line":30,"column":2},"end":{"line":30,"column":40}},"14":{"start":{"line":32,"column":4},"end":{"line":32,"column":43}},"15":{"start":{"line":37,"column":2},"end":{"line":43,"column":null}},"16":{"start":{"line":38,"column":41},"end":{"line":38,"column":49}},"17":{"start":{"line":39,"column":20},"end":{"line":39,"column":81}},"18":{"start":{"line":40,"column":2},"end":{"line":40,"column":41}},"19":{"start":{"line":42,"column":4},"end":{"line":42,"column":55}},"20":{"start":{"line":49,"column":2},"end":{"line":55,"column":null}},"21":{"start":{"line":50,"column":36},"end":{"line":50,"column":44}},"22":{"start":{"line":51,"column":28},"end":{"line":51,"column":79}},"23":{"start":{"line":52,"column":4},"end":{"line":52,"column":49}},"24":{"start":{"line":54,"column":6},"end":{"line":54,"column":57}},"25":{"start":{"line":61,"column":2},"end":{"line":67,"column":null}},"26":{"start":{"line":62,"column":38},"end":{"line":62,"column":46}},"27":{"start":{"line":63,"column":26},"end":{"line":63,"column":75}},"28":{"start":{"line":64,"column":2},"end":{"line":64,"column":47}},"29":{"start":{"line":66,"column":4},"end":{"line":66,"column":55}},"30":{"start":{"line":73,"column":37},"end":{"line":73,"column":45}},"31":{"start":{"line":75,"column":26},"end":{"line":75,"column":78}},"32":{"start":{"line":76,"column":2},"end":{"line":78,"column":null}},"33":{"start":{"line":77,"column":4},"end":{"line":77,"column":58}},"34":{"start":{"line":79,"column":2},"end":{"line":79,"column":47}},"35":{"start":{"line":82,"column":27},"end":{"line":86,"column":2}},"36":{"start":{"line":88,"column":9},"end":{"line":88,"column":27}}},"fnMap":{"0":{"name":"getAllOrganisms","decl":{"start":{"line":7,"column":15},"end":{"line":7,"column":30}},"loc":{"start":{"line":7,"column":58},"end":{"line":14,"column":3}}},"1":{"name":"getOrganismByName","decl":{"start":{"line":16,"column":15},"end":{"line":16,"column":32}},"loc":{"start":{"line":16,"column":60},"end":{"line":24,"column":3}}},"2":{"name":"getOrganismById","decl":{"start":{"line":26,"column":15},"end":{"line":26,"column":30}},"loc":{"start":{"line":26,"column":58},"end":{"line":34,"column":1}}},"3":{"name":"getOrganismByTaxonGroupId","decl":{"start":{"line":36,"column":15},"end":{"line":36,"column":40}},"loc":{"start":{"line":36,"column":68},"end":{"line":44,"column":1}}},"4":{"name":"updateOrganism","decl":{"start":{"line":48,"column":15},"end":{"line":48,"column":29}},"loc":{"start":{"line":48,"column":57},"end":{"line":56,"column":3}}},"5":{"name":"createOrganism","decl":{"start":{"line":60,"column":15},"end":{"line":60,"column":29}},"loc":{"start":{"line":60,"column":57},"end":{"line":68,"column":1}}},"6":{"name":"deleteOrganismById","decl":{"start":{"line":72,"column":15},"end":{"line":72,"column":33}},"loc":{"start":{"line":72,"column":61},"end":{"line":80,"column":1}}}},"branchMap":{"0":{"loc":{"start":{"line":76,"column":2},"end":{"line":78,"column":null}},"type":"if","locations":[{"start":{"line":76,"column":2},"end":{"line":78,"column":null}}]}},"s":{"0":1,"1":1,"2":1,"3":1,"4":0,"5":1,"6":1,"7":1,"8":1,"9":0,"10":1,"11":1,"12":1,"13":1,"14":0,"15":1,"16":1,"17":1,"18":1,"19":0,"20":1,"21":1,"22":1,"23":1,"24":0,"25":1,"26":1,"27":1,"28":1,"29":0,"30":1,"31":1,"32":1,"33":0,"34":1,"35":1,"36":1},"f":{"0":1,"1":1,"2":1,"3":1,"4":1,"5":1,"6":1},"b":{"0":[0]}}
,"/Users/loren.walsh/Desktop/cuilcaghSPOTapp/server/src/controllers/taxonGroup.ts": {"path":"/Users/loren.walsh/Desktop/cuilcaghSPOTapp/server/src/controllers/taxonGroup.ts","statementMap":{"0":{"start":{"line":2,"column":0},"end":{"line":2,"column":59}},"1":{"start":{"line":8,"column":2},"end":{"line":13,"column":null}},"2":{"start":{"line":9,"column":24},"end":{"line":9,"column":67}},"3":{"start":{"line":10,"column":4},"end":{"line":10,"column":45}},"4":{"start":{"line":12,"column":6},"end":{"line":12,"column":53}},"5":{"start":{"line":17,"column":2},"end":{"line":23,"column":null}},"6":{"start":{"line":18,"column":48},"end":{"line":18,"column":56}},"7":{"start":{"line":19,"column":19},"end":{"line":19,"column":78}},"8":{"start":{"line":20,"column":4},"end":{"line":20,"column":40}},"9":{"start":{"line":22,"column":6},"end":{"line":22,"column":59}},"10":{"start":{"line":27,"column":2},"end":{"line":33,"column":null}},"11":{"start":{"line":28,"column":37},"end":{"line":28,"column":45}},"12":{"start":{"line":29,"column":23},"end":{"line":29,"column":78}},"13":{"start":{"line":30,"column":4},"end":{"line":30,"column":44}},"14":{"start":{"line":32,"column":6},"end":{"line":32,"column":45}},"15":{"start":{"line":39,"column":2},"end":{"line":45,"column":null}},"16":{"start":{"line":40,"column":38},"end":{"line":40,"column":46}},"17":{"start":{"line":41,"column":30},"end":{"line":41,"column":85}},"18":{"start":{"line":42,"column":4},"end":{"line":42,"column":51}},"19":{"start":{"line":44,"column":6},"end":{"line":44,"column":60}},"20":{"start":{"line":51,"column":31},"end":{"line":51,"column":39}},"21":{"start":{"line":53,"column":27},"end":{"line":53,"column":80}},"22":{"start":{"line":54,"column":2},"end":{"line":56,"column":null}},"23":{"start":{"line":55,"column":4},"end":{"line":55,"column":61}},"24":{"start":{"line":57,"column":2},"end":{"line":57,"column":49}},"25":{"start":{"line":60,"column":29},"end":{"line":64,"column":2}},"26":{"start":{"line":66,"column":9},"end":{"line":66,"column":29}}},"fnMap":{"0":{"name":"getAllTaxonGroups","decl":{"start":{"line":7,"column":15},"end":{"line":7,"column":32}},"loc":{"start":{"line":7,"column":60},"end":{"line":14,"column":3}}},"1":{"name":"getTaxonGroupByName","decl":{"start":{"line":16,"column":15},"end":{"line":16,"column":34}},"loc":{"start":{"line":16,"column":62},"end":{"line":24,"column":3}}},"2":{"name":"getTaxonGroupById","decl":{"start":{"line":26,"column":15},"end":{"line":26,"column":32}},"loc":{"start":{"line":26,"column":60},"end":{"line":34,"column":3}}},"3":{"name":"createTaxonGroup","decl":{"start":{"line":38,"column":15},"end":{"line":38,"column":31}},"loc":{"start":{"line":38,"column":59},"end":{"line":46,"column":3}}},"4":{"name":"deleteTaxonGroupById","decl":{"start":{"line":50,"column":15},"end":{"line":50,"column":35}},"loc":{"start":{"line":50,"column":63},"end":{"line":58,"column":1}}}},"branchMap":{"0":{"loc":{"start":{"line":54,"column":2},"end":{"line":56,"column":null}},"type":"if","locations":[{"start":{"line":54,"column":2},"end":{"line":56,"column":null}}]}},"s":{"0":1,"1":1,"2":1,"3":1,"4":0,"5":1,"6":1,"7":1,"8":1,"9":0,"10":1,"11":1,"12":1,"13":1,"14":0,"15":1,"16":1,"17":1,"18":1,"19":0,"20":1,"21":1,"22":1,"23":0,"24":1,"25":1,"26":1},"f":{"0":1,"1":1,"2":1,"3":1,"4":1},"b":{"0":[0]}}
,"/Users/loren.walsh/Desktop/cuilcaghSPOTapp/server/src/controllers/unverifiedSighting.ts": {"path":"/Users/loren.walsh/Desktop/cuilcaghSPOTapp/server/src/controllers/unverifiedSighting.ts","statementMap":{"0":{"start":{"line":2,"column":0},"end":{"line":2,"column":75}},"1":{"start":{"line":11,"column":2},"end":{"line":16,"column":null}},"2":{"start":{"line":12,"column":22},"end":{"line":12,"column":81}},"3":{"start":{"line":13,"column":4},"end":{"line":13,"column":43}},"4":{"start":{"line":15,"column":4},"end":{"line":15,"column":49}},"5":{"start":{"line":21,"column":2},"end":{"line":27,"column":null}},"6":{"start":{"line":22,"column":39},"end":{"line":22,"column":47}},"7":{"start":{"line":23,"column":22},"end":{"line":23,"column":90}},"8":{"start":{"line":24,"column":4},"end":{"line":24,"column":43}},"9":{"start":{"line":26,"column":4},"end":{"line":26,"column":52}},"10":{"start":{"line":31,"column":2},"end":{"line":37,"column":null}},"11":{"start":{"line":32,"column":31},"end":{"line":32,"column":39}},"12":{"start":{"line":33,"column":22},"end":{"line":33,"column":82}},"13":{"start":{"line":34,"column":4},"end":{"line":34,"column":43}},"14":{"start":{"line":36,"column":4},"end":{"line":36,"column":48}},"15":{"start":{"line":43,"column":2},"end":{"line":49,"column":null}},"16":{"start":{"line":44,"column":44},"end":{"line":44,"column":52}},"17":{"start":{"line":45,"column":28},"end":{"line":45,"column":97}},"18":{"start":{"line":46,"column":4},"end":{"line":46,"column":49}},"19":{"start":{"line":48,"column":4},"end":{"line":48,"column":55}},"20":{"start":{"line":55,"column":2},"end":{"line":61,"column":null}},"21":{"start":{"line":56,"column":46},"end":{"line":56,"column":54}},"22":{"start":{"line":57,"column":28},"end":{"line":57,"column":89}},"23":{"start":{"line":58,"column":4},"end":{"line":58,"column":49}},"24":{"start":{"line":60,"column":6},"end":{"line":60,"column":57}},"25":{"start":{"line":67,"column":37},"end":{"line":67,"column":45}},"26":{"start":{"line":69,"column":26},"end":{"line":69,"column":98}},"27":{"start":{"line":70,"column":2},"end":{"line":72,"column":null}},"28":{"start":{"line":71,"column":4},"end":{"line":71,"column":58}},"29":{"start":{"line":73,"column":2},"end":{"line":73,"column":47}},"30":{"start":{"line":76,"column":37},"end":{"line":83,"column":2}},"31":{"start":{"line":85,"column":9},"end":{"line":85,"column":37}}},"fnMap":{"0":{"name":"getAllUnverifiedSightings","decl":{"start":{"line":10,"column":15},"end":{"line":10,"column":40}},"loc":{"start":{"line":10,"column":68},"end":{"line":17,"column":1}}},"1":{"name":"getSightingsByOrganismId","decl":{"start":{"line":20,"column":15},"end":{"line":20,"column":39}},"loc":{"start":{"line":20,"column":67},"end":{"line":28,"column":1}}},"2":{"name":"getSightingsByUserId","decl":{"start":{"line":30,"column":15},"end":{"line":30,"column":35}},"loc":{"start":{"line":30,"column":63},"end":{"line":38,"column":1}}},"3":{"name":"createUnverifiedSighting","decl":{"start":{"line":42,"column":15},"end":{"line":42,"column":39}},"loc":{"start":{"line":42,"column":67},"end":{"line":50,"column":1}}},"4":{"name":"updateSighting","decl":{"start":{"line":54,"column":15},"end":{"line":54,"column":29}},"loc":{"start":{"line":54,"column":57},"end":{"line":62,"column":3}}},"5":{"name":"deleteUnverifiedSightingById","decl":{"start":{"line":66,"column":15},"end":{"line":66,"column":43}},"loc":{"start":{"line":66,"column":71},"end":{"line":74,"column":1}}}},"branchMap":{"0":{"loc":{"start":{"line":70,"column":2},"end":{"line":72,"column":null}},"type":"if","locations":[{"start":{"line":70,"column":2},"end":{"line":72,"column":null}}]}},"s":{"0":1,"1":1,"2":1,"3":1,"4":0,"5":1,"6":1,"7":1,"8":1,"9":0,"10":1,"11":1,"12":1,"13":1,"14":0,"15":1,"16":1,"17":1,"18":1,"19":0,"20":1,"21":1,"22":1,"23":1,"24":0,"25":1,"26":1,"27":1,"28":0,"29":1,"30":1,"31":1},"f":{"0":1,"1":1,"2":1,"3":1,"4":1,"5":1},"b":{"0":[0]}}
,"/Users/loren.walsh/Desktop/cuilcaghSPOTapp/server/src/controllers/user.ts": {"path":"/Users/loren.walsh/Desktop/cuilcaghSPOTapp/server/src/controllers/user.ts","statementMap":{"0":{"start":{"line":2,"column":0},"end":{"line":2,"column":47}},"1":{"start":{"line":9,"column":2},"end":{"line":14,"column":null}},"2":{"start":{"line":10,"column":18},"end":{"line":10,"column":49}},"3":{"start":{"line":11,"column":4},"end":{"line":11,"column":39}},"4":{"start":{"line":13,"column":6},"end":{"line":13,"column":53}},"5":{"start":{"line":18,"column":2},"end":{"line":24,"column":null}},"6":{"start":{"line":19,"column":35},"end":{"line":19,"column":43}},"7":{"start":{"line":20,"column":18},"end":{"line":20,"column":59}},"8":{"start":{"line":21,"column":4},"end":{"line":21,"column":39}},"9":{"start":{"line":23,"column":6},"end":{"line":23,"column":52}},"10":{"start":{"line":28,"column":2},"end":{"line":34,"column":null}},"11":{"start":{"line":29,"column":30},"end":{"line":29,"column":38}},"12":{"start":{"line":30,"column":17},"end":{"line":30,"column":54}},"13":{"start":{"line":31,"column":4},"end":{"line":31,"column":38}},"14":{"start":{"line":33,"column":6},"end":{"line":33,"column":50}},"15":{"start":{"line":37,"column":2},"end":{"line":43,"column":null}},"16":{"start":{"line":38,"column":43},"end":{"line":38,"column":51}},"17":{"start":{"line":39,"column":17},"end":{"line":39,"column":63}},"18":{"start":{"line":40,"column":4},"end":{"line":40,"column":38}},"19":{"start":{"line":42,"column":6},"end":{"line":42,"column":56}},"20":{"start":{"line":47,"column":2},"end":{"line":53,"column":null}},"21":{"start":{"line":48,"column":41},"end":{"line":48,"column":49}},"22":{"start":{"line":49,"column":18},"end":{"line":49,"column":63}},"23":{"start":{"line":50,"column":4},"end":{"line":50,"column":39}},"24":{"start":{"line":52,"column":6},"end":{"line":52,"column":62}},"25":{"start":{"line":57,"column":2},"end":{"line":63,"column":null}},"26":{"start":{"line":58,"column":41},"end":{"line":58,"column":49}},"27":{"start":{"line":59,"column":18},"end":{"line":59,"column":64}},"28":{"start":{"line":60,"column":4},"end":{"line":60,"column":39}},"29":{"start":{"line":62,"column":6},"end":{"line":62,"column":61}},"30":{"start":{"line":69,"column":2},"end":{"line":75,"column":null}},"31":{"start":{"line":70,"column":31},"end":{"line":70,"column":39}},"32":{"start":{"line":71,"column":24},"end":{"line":71,"column":74}},"33":{"start":{"line":72,"column":4},"end":{"line":72,"column":45}},"34":{"start":{"line":74,"column":6},"end":{"line":74,"column":53}},"35":{"start":{"line":79,"column":4},"end":{"line":85,"column":null}},"36":{"start":{"line":80,"column":34},"end":{"line":80,"column":42}},"37":{"start":{"line":81,"column":26},"end":{"line":81,"column":78}},"38":{"start":{"line":82,"column":6},"end":{"line":82,"column":47}},"39":{"start":{"line":84,"column":8},"end":{"line":84,"column":59}},"40":{"start":{"line":89,"column":4},"end":{"line":95,"column":null}},"41":{"start":{"line":90,"column":41},"end":{"line":90,"column":49}},"42":{"start":{"line":91,"column":29},"end":{"line":91,"column":79}},"43":{"start":{"line":92,"column":6},"end":{"line":92,"column":50}},"44":{"start":{"line":94,"column":8},"end":{"line":94,"column":58}},"45":{"start":{"line":101,"column":2},"end":{"line":107,"column":null}},"46":{"start":{"line":102,"column":32},"end":{"line":102,"column":40}},"47":{"start":{"line":103,"column":24},"end":{"line":103,"column":61}},"48":{"start":{"line":104,"column":4},"end":{"line":104,"column":45}},"49":{"start":{"line":106,"column":6},"end":{"line":106,"column":53}},"50":{"start":{"line":124,"column":23},"end":{"line":129,"column":2}},"51":{"start":{"line":131,"column":9},"end":{"line":131,"column":23}}},"fnMap":{"0":{"name":"getAllUsers","decl":{"start":{"line":8,"column":15},"end":{"line":8,"column":26}},"loc":{"start":{"line":8,"column":54},"end":{"line":15,"column":3}}},"1":{"name":"getUserByName","decl":{"start":{"line":17,"column":15},"end":{"line":17,"column":28}},"loc":{"start":{"line":17,"column":56},"end":{"line":25,"column":3}}},"2":{"name":"getUserById","decl":{"start":{"line":27,"column":15},"end":{"line":27,"column":26}},"loc":{"start":{"line":27,"column":54},"end":{"line":35,"column":3}}},"3":{"name":"getUserByEmail","decl":{"start":{"line":36,"column":15},"end":{"line":36,"column":29}},"loc":{"start":{"line":36,"column":57},"end":{"line":44,"column":3}}},"4":{"name":"getUserByLevel","decl":{"start":{"line":46,"column":15},"end":{"line":46,"column":29}},"loc":{"start":{"line":46,"column":57},"end":{"line":54,"column":3}}},"5":{"name":"getTrustedUsers","decl":{"start":{"line":56,"column":15},"end":{"line":56,"column":30}},"loc":{"start":{"line":56,"column":58},"end":{"line":64,"column":3}}},"6":{"name":"updateUserDetails","decl":{"start":{"line":68,"column":15},"end":{"line":68,"column":32}},"loc":{"start":{"line":68,"column":60},"end":{"line":76,"column":3}}},"7":{"name":"updateUserPassword","decl":{"start":{"line":78,"column":17},"end":{"line":78,"column":35}},"loc":{"start":{"line":78,"column":63},"end":{"line":86,"column":5}}},"8":{"name":"updateUserProfile","decl":{"start":{"line":88,"column":17},"end":{"line":88,"column":34}},"loc":{"start":{"line":88,"column":62},"end":{"line":96,"column":5}}},"9":{"name":"createUser","decl":{"start":{"line":100,"column":15},"end":{"line":100,"column":25}},"loc":{"start":{"line":100,"column":53},"end":{"line":108,"column":3}}}},"branchMap":{},"s":{"0":1,"1":1,"2":1,"3":1,"4":0,"5":1,"6":1,"7":1,"8":1,"9":0,"10":1,"11":1,"12":1,"13":1,"14":0,"15":2,"16":2,"17":2,"18":2,"19":0,"20":0,"21":0,"22":0,"23":0,"24":0,"25":0,"26":0,"27":0,"28":0,"29":0,"30":1,"31":1,"32":1,"33":1,"34":0,"35":1,"36":1,"37":1,"38":1,"39":0,"40":1,"41":1,"42":1,"43":1,"44":0,"45":1,"46":1,"47":1,"48":1,"49":0,"50":1,"51":1},"f":{"0":1,"1":1,"2":1,"3":2,"4":0,"5":0,"6":1,"7":1,"8":1,"9":1},"b":{}}
,"/Users/loren.walsh/Desktop/cuilcaghSPOTapp/server/src/controllers/userGroup.ts": {"path":"/Users/loren.walsh/Desktop/cuilcaghSPOTapp/server/src/controllers/userGroup.ts","statementMap":{"0":{"start":{"line":2,"column":0},"end":{"line":2,"column":57}},"1":{"start":{"line":6,"column":4},"end":{"line":11,"column":null}},"2":{"start":{"line":7,"column":23},"end":{"line":7,"column":64}},"3":{"start":{"line":8,"column":8},"end":{"line":8,"column":44}},"4":{"start":{"line":10,"column":10},"end":{"line":10,"column":57}},"5":{"start":{"line":15,"column":4},"end":{"line":21,"column":null}},"6":{"start":{"line":16,"column":41},"end":{"line":16,"column":49}},"7":{"start":{"line":17,"column":23},"end":{"line":17,"column":75}},"8":{"start":{"line":18,"column":8},"end":{"line":18,"column":44}},"9":{"start":{"line":20,"column":10},"end":{"line":20,"column":57}},"10":{"start":{"line":25,"column":4},"end":{"line":31,"column":null}},"11":{"start":{"line":26,"column":36},"end":{"line":26,"column":44}},"12":{"start":{"line":27,"column":22},"end":{"line":27,"column":70}},"13":{"start":{"line":28,"column":8},"end":{"line":28,"column":43}},"14":{"start":{"line":30,"column":10},"end":{"line":30,"column":55}},"15":{"start":{"line":38,"column":4},"end":{"line":44,"column":null}},"16":{"start":{"line":39,"column":41},"end":{"line":39,"column":49}},"17":{"start":{"line":40,"column":29},"end":{"line":40,"column":82}},"18":{"start":{"line":41,"column":8},"end":{"line":41,"column":50}},"19":{"start":{"line":43,"column":8},"end":{"line":43,"column":56}},"20":{"start":{"line":50,"column":4},"end":{"line":56,"column":null}},"21":{"start":{"line":51,"column":32},"end":{"line":51,"column":40}},"22":{"start":{"line":52,"column":25},"end":{"line":52,"column":73}},"23":{"start":{"line":53,"column":4},"end":{"line":53,"column":46}},"24":{"start":{"line":55,"column":6},"end":{"line":55,"column":54}},"25":{"start":{"line":62,"column":33},"end":{"line":62,"column":41}},"26":{"start":{"line":64,"column":25},"end":{"line":64,"column":76}},"27":{"start":{"line":65,"column":4},"end":{"line":67,"column":null}},"28":{"start":{"line":66,"column":8},"end":{"line":66,"column":59}},"29":{"start":{"line":68,"column":4},"end":{"line":68,"column":46}},"30":{"start":{"line":71,"column":28},"end":{"line":72,"column":84}},"31":{"start":{"line":74,"column":9},"end":{"line":74,"column":28}}},"fnMap":{"0":{"name":"getAllUserGroups","decl":{"start":{"line":5,"column":15},"end":{"line":5,"column":31}},"loc":{"start":{"line":5,"column":59},"end":{"line":12,"column":7}}},"1":{"name":"getUserGroupByName","decl":{"start":{"line":14,"column":15},"end":{"line":14,"column":33}},"loc":{"start":{"line":14,"column":61},"end":{"line":22,"column":7}}},"2":{"name":"getUserGroupById","decl":{"start":{"line":24,"column":15},"end":{"line":24,"column":31}},"loc":{"start":{"line":24,"column":59},"end":{"line":32,"column":7}}},"3":{"name":"updateUserGroup","decl":{"start":{"line":37,"column":15},"end":{"line":37,"column":30}},"loc":{"start":{"line":37,"column":58},"end":{"line":45,"column":1}}},"4":{"name":"createUserGroup","decl":{"start":{"line":49,"column":15},"end":{"line":49,"column":30}},"loc":{"start":{"line":49,"column":58},"end":{"line":57,"column":3}}},"5":{"name":"deleteUserGroupById","decl":{"start":{"line":61,"column":15},"end":{"line":61,"column":34}},"loc":{"start":{"line":61,"column":62},"end":{"line":69,"column":1}}}},"branchMap":{"0":{"loc":{"start":{"line":65,"column":4},"end":{"line":67,"column":null}},"type":"if","locations":[{"start":{"line":65,"column":4},"end":{"line":67,"column":null}}]}},"s":{"0":1,"1":1,"2":1,"3":1,"4":0,"5":1,"6":1,"7":1,"8":1,"9":0,"10":1,"11":1,"12":1,"13":1,"14":0,"15":1,"16":1,"17":1,"18":1,"19":0,"20":1,"21":1,"22":1,"23":1,"24":0,"25":1,"26":1,"27":1,"28":0,"29":1,"30":1,"31":1},"f":{"0":1,"1":1,"2":1,"3":1,"4":1,"5":1},"b":{"0":[0]}}
,"/Users/loren.walsh/Desktop/cuilcaghSPOTapp/server/src/services/confirmedSighting.ts": {"path":"/Users/loren.walsh/Desktop/cuilcaghSPOTapp/server/src/services/confirmedSighting.ts","statementMap":{"0":{"start":{"line":1,"column":0},"end":{"line":1,"column":41}},"1":{"start":{"line":7,"column":2},"end":{"line":12,"column":null}},"2":{"start":{"line":8,"column":4},"end":{"line":8,"column":63}},"3":{"start":{"line":11,"column":4},"end":{"line":11,"column":23}},"4":{"start":{"line":13,"column":41},"end":{"line":22,"column":7}},"5":{"start":{"line":14,"column":141},"end":{"line":22,"column":6}},"6":{"start":{"line":23,"column":2},"end":{"line":23,"column":19}},"7":{"start":{"line":28,"column":2},"end":{"line":35,"column":null}},"8":{"start":{"line":29,"column":4},"end":{"line":31,"column":7}},"9":{"start":{"line":34,"column":4},"end":{"line":34,"column":23}},"10":{"start":{"line":36,"column":44},"end":{"line":46,"column":7}},"11":{"start":{"line":37,"column":141},"end":{"line":46,"column":6}},"12":{"start":{"line":47,"column":2},"end":{"line":47,"column":22}},"13":{"start":{"line":52,"column":2},"end":{"line":59,"column":null}},"14":{"start":{"line":53,"column":4},"end":{"line":55,"column":7}},"15":{"start":{"line":58,"column":4},"end":{"line":58,"column":23}},"16":{"start":{"line":60,"column":44},"end":{"line":69,"column":7}},"17":{"start":{"line":61,"column":141},"end":{"line":69,"column":6}},"18":{"start":{"line":70,"column":2},"end":{"line":70,"column":22}},"19":{"start":{"line":77,"column":2},"end":{"line":90,"column":null}},"20":{"start":{"line":78,"column":4},"end":{"line":87,"column":7}},"21":{"start":{"line":89,"column":4},"end":{"line":89,"column":23}},"22":{"start":{"line":91,"column":2},"end":{"line":91,"column":27}},"23":{"start":{"line":92,"column":2},"end":{"line":92,"column":21}},"24":{"start":{"line":99,"column":2},"end":{"line":107,"column":null}},"25":{"start":{"line":100,"column":4},"end":{"line":104,"column":7}},"26":{"start":{"line":106,"column":4},"end":{"line":106,"column":23}},"27":{"start":{"line":108,"column":2},"end":{"line":108,"column":25}},"28":{"start":{"line":111,"column":33},"end":{"line":117,"column":2}},"29":{"start":{"line":119,"column":9},"end":{"line":119,"column":33}}},"fnMap":{"0":{"name":"getAllConfirmedSightings","decl":{"start":{"line":5,"column":15},"end":{"line":5,"column":39}},"loc":{"start":{"line":5,"column":39},"end":{"line":24,"column":1}}},"1":{"name":"(anonymous_1)","decl":{"start":{"line":13,"column":58},"end":{"line":13,"column":59}},"loc":{"start":{"line":14,"column":141},"end":{"line":22,"column":6}}},"2":{"name":"getSightingsByOrganismId","decl":{"start":{"line":26,"column":15},"end":{"line":26,"column":39}},"loc":{"start":{"line":26,"column":58},"end":{"line":48,"column":1}}},"3":{"name":"(anonymous_3)","decl":{"start":{"line":36,"column":63},"end":{"line":36,"column":64}},"loc":{"start":{"line":37,"column":141},"end":{"line":46,"column":6}}},"4":{"name":"getSightingsByUserId","decl":{"start":{"line":50,"column":15},"end":{"line":50,"column":35}},"loc":{"start":{"line":50,"column":50},"end":{"line":71,"column":1}}},"5":{"name":"(anonymous_5)","decl":{"start":{"line":60,"column":63},"end":{"line":60,"column":64}},"loc":{"start":{"line":61,"column":141},"end":{"line":69,"column":6}}},"6":{"name":"createConfirmedSighting","decl":{"start":{"line":75,"column":15},"end":{"line":75,"column":38}},"loc":{"start":{"line":75,"column":66},"end":{"line":93,"column":1}}},"7":{"name":"deleteConfirmedSightingById","decl":{"start":{"line":97,"column":15},"end":{"line":97,"column":42}},"loc":{"start":{"line":97,"column":61},"end":{"line":109,"column":1}}}},"branchMap":{},"s":{"0":2,"1":1,"2":1,"3":0,"4":1,"5":1,"6":1,"7":1,"8":1,"9":0,"10":1,"11":1,"12":1,"13":1,"14":1,"15":0,"16":1,"17":1,"18":1,"19":1,"20":1,"21":0,"22":1,"23":1,"24":1,"25":1,"26":0,"27":1,"28":2,"29":2},"f":{"0":1,"1":1,"2":1,"3":1,"4":1,"5":1,"6":1,"7":1},"b":{}}
,"/Users/loren.walsh/Desktop/cuilcaghSPOTapp/server/src/services/organism.ts": {"path":"/Users/loren.walsh/Desktop/cuilcaghSPOTapp/server/src/services/organism.ts","statementMap":{"0":{"start":{"line":1,"column":0},"end":{"line":1,"column":41}},"1":{"start":{"line":10,"column":2},"end":{"line":15,"column":null}},"2":{"start":{"line":11,"column":4},"end":{"line":11,"column":53}},"3":{"start":{"line":14,"column":4},"end":{"line":14,"column":23}},"4":{"start":{"line":16,"column":32},"end":{"line":24,"column":7}},"5":{"start":{"line":17,"column":113},"end":{"line":24,"column":6}},"6":{"start":{"line":25,"column":2},"end":{"line":25,"column":19}},"7":{"start":{"line":30,"column":2},"end":{"line":37,"column":null}},"8":{"start":{"line":31,"column":4},"end":{"line":33,"column":7}},"9":{"start":{"line":36,"column":4},"end":{"line":36,"column":23}},"10":{"start":{"line":38,"column":32},"end":{"line":46,"column":7}},"11":{"start":{"line":39,"column":113},"end":{"line":46,"column":6}},"12":{"start":{"line":48,"column":2},"end":{"line":48,"column":19}},"13":{"start":{"line":56,"column":2},"end":{"line":63,"column":null}},"14":{"start":{"line":57,"column":4},"end":{"line":59,"column":7}},"15":{"start":{"line":62,"column":4},"end":{"line":62,"column":23}},"16":{"start":{"line":65,"column":22},"end":{"line":72,"column":null}},"17":{"start":{"line":73,"column":2},"end":{"line":73,"column":23}},"18":{"start":{"line":80,"column":2},"end":{"line":87,"column":null}},"19":{"start":{"line":81,"column":4},"end":{"line":83,"column":7}},"20":{"start":{"line":86,"column":4},"end":{"line":86,"column":23}},"21":{"start":{"line":88,"column":2},"end":{"line":96,"column":8}},"22":{"start":{"line":89,"column":113},"end":{"line":96,"column":6}},"23":{"start":{"line":97,"column":2},"end":{"line":97,"column":29}},"24":{"start":{"line":98,"column":2},"end":{"line":98,"column":23}},"25":{"start":{"line":108,"column":2},"end":{"line":122,"column":null}},"26":{"start":{"line":109,"column":4},"end":{"line":118,"column":7}},"27":{"start":{"line":121,"column":4},"end":{"line":121,"column":23}},"28":{"start":{"line":123,"column":2},"end":{"line":123,"column":25}},"29":{"start":{"line":131,"column":2},"end":{"line":143,"column":null}},"30":{"start":{"line":132,"column":4},"end":{"line":140,"column":7}},"31":{"start":{"line":142,"column":4},"end":{"line":142,"column":23}},"32":{"start":{"line":144,"column":2},"end":{"line":144,"column":21}},"33":{"start":{"line":152,"column":2},"end":{"line":160,"column":null}},"34":{"start":{"line":153,"column":4},"end":{"line":157,"column":7}},"35":{"start":{"line":159,"column":4},"end":{"line":159,"column":23}},"36":{"start":{"line":161,"column":2},"end":{"line":161,"column":25}},"37":{"start":{"line":164,"column":24},"end":{"line":172,"column":2}},"38":{"start":{"line":174,"column":9},"end":{"line":174,"column":24}}},"fnMap":{"0":{"name":"getAllOrganisms","decl":{"start":{"line":8,"column":15},"end":{"line":8,"column":30}},"loc":{"start":{"line":8,"column":30},"end":{"line":26,"column":1}}},"1":{"name":"(anonymous_1)","decl":{"start":{"line":16,"column":49},"end":{"line":16,"column":50}},"loc":{"start":{"line":17,"column":113},"end":{"line":24,"column":6}}},"2":{"name":"getOrganismByName","decl":{"start":{"line":28,"column":15},"end":{"line":28,"column":32}},"loc":{"start":{"line":28,"column":50},"end":{"line":49,"column":1}}},"3":{"name":"(anonymous_3)","decl":{"start":{"line":38,"column":50},"end":{"line":38,"column":51}},"loc":{"start":{"line":39,"column":113},"end":{"line":46,"column":6}}},"4":{"name":"getOrganismById","decl":{"start":{"line":53,"column":15},"end":{"line":53,"column":30}},"loc":{"start":{"line":53,"column":49},"end":{"line":74,"column":1}}},"5":{"name":"getOrganismByTaxonGroupId","decl":{"start":{"line":76,"column":15},"end":{"line":76,"column":40}},"loc":{"start":{"line":76,"column":56},"end":{"line":99,"column":1}}},"6":{"name":"(anonymous_6)","decl":{"start":{"line":88,"column":36},"end":{"line":88,"column":37}},"loc":{"start":{"line":89,"column":113},"end":{"line":96,"column":6}}},"7":{"name":"updateOrganism","decl":{"start":{"line":105,"column":15},"end":{"line":105,"column":29}},"loc":{"start":{"line":105,"column":48},"end":{"line":124,"column":1}}},"8":{"name":"createOrganism","decl":{"start":{"line":129,"column":15},"end":{"line":129,"column":29}},"loc":{"start":{"line":129,"column":54},"end":{"line":145,"column":1}}},"9":{"name":"deleteOrganismById","decl":{"start":{"line":150,"column":15},"end":{"line":150,"column":33}},"loc":{"start":{"line":150,"column":52},"end":{"line":162,"column":1}}}},"branchMap":{},"s":{"0":2,"1":1,"2":1,"3":0,"4":1,"5":1,"6":1,"7":1,"8":1,"9":0,"10":1,"11":1,"12":1,"13":1,"14":1,"15":0,"16":1,"17":1,"18":1,"19":1,"20":0,"21":1,"22":1,"23":1,"24":1,"25":1,"26":1,"27":0,"28":1,"29":1,"30":1,"31":0,"32":1,"33":2,"34":2,"35":0,"36":2,"37":2,"38":2},"f":{"0":1,"1":1,"2":1,"3":1,"4":1,"5":1,"6":1,"7":1,"8":1,"9":2},"b":{}}
,"/Users/loren.walsh/Desktop/cuilcaghSPOTapp/server/src/services/taxonGroup.ts": {"path":"/Users/loren.walsh/Desktop/cuilcaghSPOTapp/server/src/services/taxonGroup.ts","statementMap":{"0":{"start":{"line":1,"column":0},"end":{"line":1,"column":41}},"1":{"start":{"line":11,"column":2},"end":{"line":11,"column":56}},"2":{"start":{"line":12,"column":31},"end":{"line":17,"column":7}},"3":{"start":{"line":13,"column":63},"end":{"line":17,"column":6}},"4":{"start":{"line":18,"column":2},"end":{"line":18,"column":16}},"5":{"start":{"line":23,"column":2},"end":{"line":30,"column":null}},"6":{"start":{"line":24,"column":4},"end":{"line":26,"column":7}},"7":{"start":{"line":29,"column":4},"end":{"line":29,"column":17}},"8":{"start":{"line":31,"column":36},"end":{"line":36,"column":7}},"9":{"start":{"line":32,"column":63},"end":{"line":36,"column":6}},"10":{"start":{"line":38,"column":2},"end":{"line":40,"column":null}},"11":{"start":{"line":39,"column":4},"end":{"line":39,"column":32}},"12":{"start":{"line":41,"column":2},"end":{"line":41,"column":21}},"13":{"start":{"line":47,"column":2},"end":{"line":62,"column":null}},"14":{"start":{"line":48,"column":4},"end":{"line":50,"column":7}},"15":{"start":{"line":52,"column":24},"end":{"line":56,"column":null}},"16":{"start":{"line":58,"column":4},"end":{"line":58,"column":25}},"17":{"start":{"line":61,"column":4},"end":{"line":61,"column":16}},"18":{"start":{"line":69,"column":2},"end":{"line":79,"column":null}},"19":{"start":{"line":70,"column":4},"end":{"line":75,"column":7}},"20":{"start":{"line":77,"column":4},"end":{"line":77,"column":23}},"21":{"start":{"line":78,"column":4},"end":{"line":78,"column":16}},"22":{"start":{"line":80,"column":2},"end":{"line":80,"column":23}},"23":{"start":{"line":87,"column":2},"end":{"line":95,"column":null}},"24":{"start":{"line":88,"column":4},"end":{"line":92,"column":7}},"25":{"start":{"line":94,"column":4},"end":{"line":94,"column":23}},"26":{"start":{"line":96,"column":2},"end":{"line":96,"column":22}},"27":{"start":{"line":99,"column":26},"end":{"line":105,"column":2}},"28":{"start":{"line":107,"column":9},"end":{"line":107,"column":26}}},"fnMap":{"0":{"name":"getAllTaxonGroups","decl":{"start":{"line":7,"column":15},"end":{"line":7,"column":32}},"loc":{"start":{"line":7,"column":32},"end":{"line":19,"column":1}}},"1":{"name":"(anonymous_1)","decl":{"start":{"line":12,"column":50},"end":{"line":12,"column":51}},"loc":{"start":{"line":13,"column":63},"end":{"line":17,"column":6}}},"2":{"name":"getTaxonGroupByName","decl":{"start":{"line":21,"column":15},"end":{"line":21,"column":34}},"loc":{"start":{"line":21,"column":57},"end":{"line":42,"column":1}}},"3":{"name":"(anonymous_3)","decl":{"start":{"line":31,"column":56},"end":{"line":31,"column":57}},"loc":{"start":{"line":32,"column":63},"end":{"line":36,"column":6}}},"4":{"name":"getTaxonGroupById","decl":{"start":{"line":44,"column":15},"end":{"line":44,"column":32}},"loc":{"start":{"line":44,"column":53},"end":{"line":63,"column":1}}},"5":{"name":"createTaxonGroup","decl":{"start":{"line":67,"column":15},"end":{"line":67,"column":31}},"loc":{"start":{"line":67,"column":54},"end":{"line":81,"column":1}}},"6":{"name":"deleteTaxonGroupById","decl":{"start":{"line":85,"column":15},"end":{"line":85,"column":35}},"loc":{"start":{"line":85,"column":56},"end":{"line":97,"column":1}}}},"branchMap":{"0":{"loc":{"start":{"line":38,"column":2},"end":{"line":40,"column":null}},"type":"if","locations":[{"start":{"line":38,"column":2},"end":{"line":40,"column":null}}]}},"s":{"0":2,"1":1,"2":1,"3":1,"4":1,"5":1,"6":1,"7":0,"8":1,"9":1,"10":1,"11":0,"12":1,"13":1,"14":1,"15":1,"16":1,"17":0,"18":1,"19":1,"20":0,"21":0,"22":1,"23":1,"24":1,"25":0,"26":1,"27":2,"28":2},"f":{"0":1,"1":1,"2":1,"3":1,"4":1,"5":1,"6":1},"b":{"0":[0]}}
,"/Users/loren.walsh/Desktop/cuilcaghSPOTapp/server/src/services/unverifiedSighting.ts": {"path":"/Users/loren.walsh/Desktop/cuilcaghSPOTapp/server/src/services/unverifiedSighting.ts","statementMap":{"0":{"start":{"line":1,"column":0},"end":{"line":1,"column":41}},"1":{"start":{"line":10,"column":2},"end":{"line":15,"column":null}},"2":{"start":{"line":11,"column":4},"end":{"line":11,"column":64}},"3":{"start":{"line":14,"column":4},"end":{"line":14,"column":23}},"4":{"start":{"line":16,"column":48},"end":{"line":27,"column":6}},"5":{"start":{"line":16,"column":72},"end":{"line":27,"column":4}},"6":{"start":{"line":29,"column":2},"end":{"line":29,"column":25}},"7":{"start":{"line":36,"column":2},"end":{"line":43,"column":null}},"8":{"start":{"line":37,"column":4},"end":{"line":39,"column":7}},"9":{"start":{"line":42,"column":4},"end":{"line":42,"column":23}},"10":{"start":{"line":44,"column":45},"end":{"line":55,"column":7}},"11":{"start":{"line":45,"column":141},"end":{"line":55,"column":6}},"12":{"start":{"line":56,"column":2},"end":{"line":56,"column":22}},"13":{"start":{"line":63,"column":2},"end":{"line":70,"column":null}},"14":{"start":{"line":64,"column":4},"end":{"line":66,"column":7}},"15":{"start":{"line":69,"column":4},"end":{"line":69,"column":23}},"16":{"start":{"line":71,"column":45},"end":{"line":82,"column":7}},"17":{"start":{"line":72,"column":141},"end":{"line":82,"column":6}},"18":{"start":{"line":83,"column":2},"end":{"line":83,"column":22}},"19":{"start":{"line":92,"column":2},"end":{"line":105,"column":null}},"20":{"start":{"line":93,"column":4},"end":{"line":102,"column":7}},"21":{"start":{"line":104,"column":4},"end":{"line":104,"column":23}},"22":{"start":{"line":106,"column":2},"end":{"line":106,"column":21}},"23":{"start":{"line":114,"column":2},"end":{"line":126,"column":null}},"24":{"start":{"line":115,"column":4},"end":{"line":122,"column":7}},"25":{"start":{"line":125,"column":4},"end":{"line":125,"column":23}},"26":{"start":{"line":127,"column":2},"end":{"line":127,"column":25}},"27":{"start":{"line":134,"column":2},"end":{"line":142,"column":null}},"28":{"start":{"line":135,"column":4},"end":{"line":139,"column":7}},"29":{"start":{"line":141,"column":4},"end":{"line":141,"column":23}},"30":{"start":{"line":143,"column":2},"end":{"line":143,"column":25}},"31":{"start":{"line":146,"column":34},"end":{"line":153,"column":2}},"32":{"start":{"line":155,"column":9},"end":{"line":155,"column":34}}},"fnMap":{"0":{"name":"getAllUnverifiedSightings","decl":{"start":{"line":8,"column":15},"end":{"line":8,"column":40}},"loc":{"start":{"line":8,"column":40},"end":{"line":31,"column":1}}},"1":{"name":"(anonymous_1)","decl":{"start":{"line":16,"column":66},"end":{"line":16,"column":67}},"loc":{"start":{"line":16,"column":72},"end":{"line":27,"column":4}}},"2":{"name":"getSightingsByOrganismId","decl":{"start":{"line":33,"column":15},"end":{"line":33,"column":39}},"loc":{"start":{"line":33,"column":58},"end":{"line":57,"column":1}}},"3":{"name":"(anonymous_3)","decl":{"start":{"line":44,"column":64},"end":{"line":44,"column":65}},"loc":{"start":{"line":45,"column":141},"end":{"line":55,"column":6}}},"4":{"name":"getSightingsByUserId","decl":{"start":{"line":60,"column":15},"end":{"line":60,"column":35}},"loc":{"start":{"line":60,"column":50},"end":{"line":84,"column":1}}},"5":{"name":"(anonymous_5)","decl":{"start":{"line":71,"column":64},"end":{"line":71,"column":65}},"loc":{"start":{"line":72,"column":141},"end":{"line":82,"column":6}}},"6":{"name":"createUnverifiedSighting","decl":{"start":{"line":89,"column":15},"end":{"line":89,"column":39}},"loc":{"start":{"line":89,"column":68},"end":{"line":107,"column":1}}},"7":{"name":"updateSighting","decl":{"start":{"line":111,"column":15},"end":{"line":111,"column":29}},"loc":{"start":{"line":111,"column":58},"end":{"line":128,"column":1}}},"8":{"name":"deleteUnverifiedSightingById","decl":{"start":{"line":132,"column":15},"end":{"line":132,"column":43}},"loc":{"start":{"line":132,"column":62},"end":{"line":144,"column":1}}}},"branchMap":{},"s":{"0":2,"1":1,"2":1,"3":0,"4":1,"5":1,"6":1,"7":1,"8":1,"9":0,"10":1,"11":1,"12":1,"13":1,"14":1,"15":0,"16":1,"17":1,"18":1,"19":1,"20":1,"21":0,"22":1,"23":1,"24":1,"25":0,"26":1,"27":1,"28":1,"29":0,"30":1,"31":2,"32":2},"f":{"0":1,"1":1,"2":1,"3":1,"4":1,"5":1,"6":1,"7":1,"8":1},"b":{}}
,"/Users/loren.walsh/Desktop/cuilcaghSPOTapp/server/src/services/user.ts": {"path":"/Users/loren.walsh/Desktop/cuilcaghSPOTapp/server/src/services/user.ts","statementMap":{"0":{"start":{"line":1,"column":0},"end":{"line":1,"column":41}},"1":{"start":{"line":2,"column":0},"end":{"line":2,"column":28}},"2":{"start":{"line":8,"column":2},"end":{"line":13,"column":null}},"3":{"start":{"line":9,"column":4},"end":{"line":9,"column":45}},"4":{"start":{"line":12,"column":4},"end":{"line":12,"column":23}},"5":{"start":{"line":14,"column":24},"end":{"line":22,"column":7}},"6":{"start":{"line":15,"column":117},"end":{"line":22,"column":6}},"7":{"start":{"line":23,"column":2},"end":{"line":23,"column":15}},"8":{"start":{"line":28,"column":2},"end":{"line":35,"column":null}},"9":{"start":{"line":29,"column":4},"end":{"line":31,"column":7}},"10":{"start":{"line":34,"column":4},"end":{"line":34,"column":23}},"11":{"start":{"line":36,"column":24},"end":{"line":44,"column":7}},"12":{"start":{"line":37,"column":117},"end":{"line":44,"column":6}},"13":{"start":{"line":46,"column":2},"end":{"line":46,"column":15}},"14":{"start":{"line":52,"column":2},"end":{"line":59,"column":null}},"15":{"start":{"line":53,"column":4},"end":{"line":55,"column":7}},"16":{"start":{"line":58,"column":4},"end":{"line":58,"column":23}},"17":{"start":{"line":61,"column":22},"end":{"line":68,"column":null}},"18":{"start":{"line":69,"column":2},"end":{"line":69,"column":23}},"19":{"start":{"line":74,"column":2},"end":{"line":81,"column":null}},"20":{"start":{"line":75,"column":4},"end":{"line":77,"column":7}},"21":{"start":{"line":80,"column":4},"end":{"line":80,"column":23}},"22":{"start":{"line":83,"column":22},"end":{"line":90,"column":null}},"23":{"start":{"line":92,"column":2},"end":{"line":92,"column":23}},"24":{"start":{"line":97,"column":2},"end":{"line":104,"column":null}},"25":{"start":{"line":98,"column":4},"end":{"line":100,"column":7}},"26":{"start":{"line":103,"column":4},"end":{"line":103,"column":23}},"27":{"start":{"line":105,"column":24},"end":{"line":113,"column":7}},"28":{"start":{"line":106,"column":117},"end":{"line":113,"column":6}},"29":{"start":{"line":115,"column":2},"end":{"line":115,"column":15}},"30":{"start":{"line":120,"column":2},"end":{"line":127,"column":null}},"31":{"start":{"line":121,"column":4},"end":{"line":123,"column":7}},"32":{"start":{"line":126,"column":4},"end":{"line":126,"column":23}},"33":{"start":{"line":128,"column":24},"end":{"line":136,"column":7}},"34":{"start":{"line":129,"column":117},"end":{"line":136,"column":6}},"35":{"start":{"line":138,"column":2},"end":{"line":138,"column":15}},"36":{"start":{"line":145,"column":2},"end":{"line":160,"column":null}},"37":{"start":{"line":146,"column":4},"end":{"line":156,"column":7}},"38":{"start":{"line":159,"column":4},"end":{"line":159,"column":23}},"39":{"start":{"line":161,"column":2},"end":{"line":161,"column":20}},"40":{"start":{"line":166,"column":15},"end":{"line":166,"column":37}},"41":{"start":{"line":168,"column":2},"end":{"line":168,"column":63}},"42":{"start":{"line":170,"column":2},"end":{"line":182,"column":null}},"43":{"start":{"line":171,"column":4},"end":{"line":178,"column":7}},"44":{"start":{"line":181,"column":4},"end":{"line":181,"column":23}},"45":{"start":{"line":183,"column":2},"end":{"line":183,"column":25}},"46":{"start":{"line":188,"column":2},"end":{"line":201,"column":null}},"47":{"start":{"line":189,"column":4},"end":{"line":197,"column":7}},"48":{"start":{"line":200,"column":4},"end":{"line":200,"column":23}},"49":{"start":{"line":202,"column":2},"end":{"line":202,"column":24}},"50":{"start":{"line":211,"column":21},"end":{"line":215,"column":4}},"51":{"start":{"line":217,"column":15},"end":{"line":217,"column":37}},"52":{"start":{"line":219,"column":25},"end":{"line":219,"column":67}},"53":{"start":{"line":220,"column":23},"end":{"line":220,"column":27}},"54":{"start":{"line":221,"column":18},"end":{"line":230,"column":4}},"55":{"start":{"line":232,"column":22},"end":{"line":238,"column":null}},"56":{"start":{"line":239,"column":2},"end":{"line":239,"column":21}},"57":{"start":{"line":254,"column":20},"end":{"line":265,"column":2}},"58":{"start":{"line":267,"column":9},"end":{"line":267,"column":20}}},"fnMap":{"0":{"name":"getAllUsers","decl":{"start":{"line":6,"column":15},"end":{"line":6,"column":26}},"loc":{"start":{"line":6,"column":26},"end":{"line":24,"column":1}}},"1":{"name":"(anonymous_2)","decl":{"start":{"line":14,"column":37},"end":{"line":14,"column":38}},"loc":{"start":{"line":15,"column":117},"end":{"line":22,"column":6}}},"2":{"name":"getUserByName","decl":{"start":{"line":26,"column":15},"end":{"line":26,"column":28}},"loc":{"start":{"line":26,"column":45},"end":{"line":47,"column":1}}},"3":{"name":"(anonymous_4)","decl":{"start":{"line":36,"column":38},"end":{"line":36,"column":39}},"loc":{"start":{"line":37,"column":117},"end":{"line":44,"column":6}}},"4":{"name":"getUserById","decl":{"start":{"line":49,"column":15},"end":{"line":49,"column":26}},"loc":{"start":{"line":49,"column":41},"end":{"line":70,"column":1}}},"5":{"name":"getUserByEmail","decl":{"start":{"line":72,"column":15},"end":{"line":72,"column":29}},"loc":{"start":{"line":72,"column":47},"end":{"line":93,"column":1}}},"6":{"name":"getTrustedUsers","decl":{"start":{"line":95,"column":15},"end":{"line":95,"column":30}},"loc":{"start":{"line":95,"column":51},"end":{"line":116,"column":1}}},"7":{"name":"(anonymous_8)","decl":{"start":{"line":105,"column":38},"end":{"line":105,"column":39}},"loc":{"start":{"line":106,"column":117},"end":{"line":113,"column":6}}},"8":{"name":"getUserByLevel","decl":{"start":{"line":118,"column":15},"end":{"line":118,"column":29}},"loc":{"start":{"line":118,"column":47},"end":{"line":139,"column":1}}},"9":{"name":"(anonymous_10)","decl":{"start":{"line":128,"column":38},"end":{"line":128,"column":39}},"loc":{"start":{"line":129,"column":117},"end":{"line":136,"column":6}}},"10":{"name":"updateUserDetails","decl":{"start":{"line":143,"column":15},"end":{"line":143,"column":32}},"loc":{"start":{"line":143,"column":43},"end":{"line":162,"column":1}}},"11":{"name":"updateUserPassword","decl":{"start":{"line":164,"column":15},"end":{"line":164,"column":33}},"loc":{"start":{"line":164,"column":45},"end":{"line":184,"column":1}}},"12":{"name":"updateUserProfile","decl":{"start":{"line":186,"column":15},"end":{"line":186,"column":32}},"loc":{"start":{"line":186,"column":61},"end":{"line":203,"column":1}}},"13":{"name":"createUser","decl":{"start":{"line":208,"column":15},"end":{"line":208,"column":25}},"loc":{"start":{"line":208,"column":42},"end":{"line":240,"column":1}}}},"branchMap":{},"s":{"0":2,"1":2,"2":1,"3":1,"4":0,"5":1,"6":1,"7":1,"8":1,"9":1,"10":0,"11":1,"12":1,"13":1,"14":1,"15":1,"16":0,"17":1,"18":1,"19":1,"20":1,"21":0,"22":1,"23":1,"24":1,"25":1,"26":0,"27":1,"28":1,"29":1,"30":1,"31":1,"32":0,"33":1,"34":1,"35":1,"36":1,"37":1,"38":0,"39":1,"40":1,"41":1,"42":1,"43":1,"44":0,"45":1,"46":1,"47":1,"48":0,"49":1,"50":1,"51":1,"52":1,"53":1,"54":1,"55":1,"56":1,"57":2,"58":2},"f":{"0":1,"1":1,"2":1,"3":1,"4":1,"5":1,"6":1,"7":1,"8":1,"9":1,"10":1,"11":1,"12":1,"13":1},"b":{}}
,"/Users/loren.walsh/Desktop/cuilcaghSPOTapp/server/src/services/userGroup.ts": {"path":"/Users/loren.walsh/Desktop/cuilcaghSPOTapp/server/src/services/userGroup.ts","statementMap":{"0":{"start":{"line":1,"column":0},"end":{"line":1,"column":41}},"1":{"start":{"line":8,"column":2},"end":{"line":13,"column":null}},"2":{"start":{"line":9,"column":4},"end":{"line":9,"column":56}},"3":{"start":{"line":12,"column":4},"end":{"line":12,"column":23}},"4":{"start":{"line":14,"column":30},"end":{"line":19,"column":7}},"5":{"start":{"line":15,"column":57},"end":{"line":19,"column":6}},"6":{"start":{"line":20,"column":2},"end":{"line":20,"column":16}},"7":{"start":{"line":25,"column":2},"end":{"line":32,"column":null}},"8":{"start":{"line":26,"column":4},"end":{"line":28,"column":7}},"9":{"start":{"line":31,"column":4},"end":{"line":31,"column":23}},"10":{"start":{"line":33,"column":31},"end":{"line":38,"column":7}},"11":{"start":{"line":34,"column":57},"end":{"line":38,"column":6}},"12":{"start":{"line":40,"column":2},"end":{"line":40,"column":16}},"13":{"start":{"line":46,"column":4},"end":{"line":53,"column":null}},"14":{"start":{"line":47,"column":6},"end":{"line":49,"column":9}},"15":{"start":{"line":52,"column":6},"end":{"line":52,"column":25}},"16":{"start":{"line":55,"column":24},"end":{"line":59,"column":null}},"17":{"start":{"line":60,"column":4},"end":{"line":60,"column":25}},"18":{"start":{"line":67,"column":2},"end":{"line":80,"column":null}},"19":{"start":{"line":68,"column":4},"end":{"line":76,"column":7}},"20":{"start":{"line":79,"column":4},"end":{"line":79,"column":23}},"21":{"start":{"line":81,"column":2},"end":{"line":81,"column":22}},"22":{"start":{"line":88,"column":2},"end":{"line":97,"column":null}},"23":{"start":{"line":89,"column":4},"end":{"line":94,"column":7}},"24":{"start":{"line":96,"column":4},"end":{"line":96,"column":23}},"25":{"start":{"line":98,"column":2},"end":{"line":98,"column":18}},"26":{"start":{"line":105,"column":2},"end":{"line":113,"column":null}},"27":{"start":{"line":106,"column":4},"end":{"line":110,"column":7}},"28":{"start":{"line":112,"column":4},"end":{"line":112,"column":23}},"29":{"start":{"line":114,"column":2},"end":{"line":114,"column":22}},"30":{"start":{"line":118,"column":25},"end":{"line":125,"column":4}},"31":{"start":{"line":127,"column":11},"end":{"line":127,"column":27}}},"fnMap":{"0":{"name":"getAllUserGroups","decl":{"start":{"line":6,"column":15},"end":{"line":6,"column":31}},"loc":{"start":{"line":6,"column":31},"end":{"line":21,"column":1}}},"1":{"name":"(anonymous_1)","decl":{"start":{"line":14,"column":44},"end":{"line":14,"column":45}},"loc":{"start":{"line":15,"column":57},"end":{"line":19,"column":6}}},"2":{"name":"getUserGroupByName","decl":{"start":{"line":23,"column":15},"end":{"line":23,"column":33}},"loc":{"start":{"line":23,"column":51},"end":{"line":41,"column":1}}},"3":{"name":"(anonymous_3)","decl":{"start":{"line":33,"column":46},"end":{"line":33,"column":47}},"loc":{"start":{"line":34,"column":57},"end":{"line":38,"column":6}}},"4":{"name":"getUserGroupById","decl":{"start":{"line":43,"column":17},"end":{"line":43,"column":33}},"loc":{"start":{"line":43,"column":49},"end":{"line":61,"column":3}}},"5":{"name":"updateUserGroup","decl":{"start":{"line":65,"column":15},"end":{"line":65,"column":30}},"loc":{"start":{"line":65,"column":48},"end":{"line":82,"column":1}}},"6":{"name":"createUserGroup","decl":{"start":{"line":86,"column":15},"end":{"line":86,"column":30}},"loc":{"start":{"line":86,"column":47},"end":{"line":99,"column":1}}},"7":{"name":"deleteUserGroupById","decl":{"start":{"line":103,"column":15},"end":{"line":103,"column":34}},"loc":{"start":{"line":103,"column":50},"end":{"line":115,"column":1}}}},"branchMap":{},"s":{"0":2,"1":1,"2":1,"3":0,"4":1,"5":1,"6":1,"7":1,"8":1,"9":0,"10":1,"11":1,"12":1,"13":1,"14":1,"15":0,"16":1,"17":1,"18":1,"19":1,"20":0,"21":1,"22":1,"23":1,"24":0,"25":1,"26":1,"27":1,"28":0,"29":1,"30":2,"31":2},"f":{"0":1,"1":1,"2":1,"3":1,"4":1,"5":1,"6":1,"7":1},"b":{}}
,"/Users/loren.walsh/Desktop/cuilcaghSPOTapp/server/src/testutil/prisma.ts": {"path":"/Users/loren.walsh/Desktop/cuilcaghSPOTapp/server/src/testutil/prisma.ts","statementMap":{"0":{"start":{"line":1,"column":0},"end":{"line":1,"column":41}},"1":{"start":{"line":3,"column":20},"end":{"line":3,"column":33}},"2":{"start":{"line":5,"column":9},"end":{"line":5,"column":20}}},"fnMap":{},"branchMap":{},"s":{"0":6,"1":6,"2":6},"f":{},"b":{}}
,"/Users/loren.walsh/Desktop/cuilcaghSPOTapp/server/src/utils/prisma.ts": {"path":"/Users/loren.walsh/Desktop/cuilcaghSPOTapp/server/src/utils/prisma.ts","statementMap":{"0":{"start":{"line":1,"column":0},"end":{"line":1,"column":46}},"1":{"start":{"line":3,"column":15},"end":{"line":3,"column":33}},"2":{"start":{"line":5,"column":9},"end":{"line":5,"column":15}}},"fnMap":{},"branchMap":{},"s":{"0":12,"1":12,"2":12},"f":{},"b":{}}
}
