TN:
SF:src/services/confirmedSighting.ts
FN:6,getAllConfirmedSightings
FN:9,(anonymous_1)
FN:24,getSightingsByOrganismId
FN:28,(anonymous_3)
FN:42,getSightingsByUserId
FN:46,(anonymous_5)
FN:62,createConfirmedSighting
FN:77,deleteSightingById
FNF:8
FNH:6
FNDA:1,getAllConfirmedSightings
FNDA:1,(anonymous_1)
FNDA:1,getSightingsByOrganismId
FNDA:1,(anonymous_3)
FNDA:1,getSightingsByUserId
FNDA:1,(anonymous_5)
FNDA:0,createConfirmedSighting
FNDA:0,deleteSightingById
DA:1,1
DA:8,1
DA:9,1
DA:10,1
DA:20,1
DA:25,1
DA:28,1
DA:29,1
DA:39,1
DA:43,1
DA:46,1
DA:47,1
DA:57,1
DA:63,0
DA:78,0
DA:85,1
DA:93,1
LF:17
LH:15
BRF:0
BRH:0
end_of_record
TN:
SF:src/services/organism.ts
FN:8,getAllOrganisms
FN:11,(anonymous_1)
FN:24,getOrganismByName
FN:28,(anonymous_3)
FN:42,getOrganismById
FN:59,getOrganismByTaxonGroupId
FN:63,(anonymous_6)
FN:79,updateOrganism
FN:96,createOrganism
FN:112,deleteOrganismById
FNF:10
FNH:8
FNDA:1,getAllOrganisms
FNDA:1,(anonymous_1)
FNDA:1,getOrganismByName
FNDA:1,(anonymous_3)
FNDA:1,getOrganismById
FNDA:1,getOrganismByTaxonGroupId
FNDA:1,(anonymous_6)
FNDA:0,updateOrganism
FNDA:0,createOrganism
FNDA:1,deleteOrganismById
DA:1,1
DA:10,1
DA:11,1
DA:12,1
DA:20,1
DA:25,1
DA:28,1
DA:29,1
DA:37,1
DA:43,1
DA:47,1
DA:56,1
DA:60,1
DA:63,1
DA:64,1
DA:72,1
DA:80,0
DA:81,0
DA:97,0
DA:98,0
DA:113,1
DA:120,1
DA:130,1
LF:23
LH:19
BRF:0
BRH:0
end_of_record
TN:
SF:src/services/taxonGroup.ts
FN:6,getAllTaxonGroups
FN:9,(anonymous_1)
FN:18,getTaxonGroupByName
FN:22,(anonymous_3)
FN:31,getTaxonGroupById
FN:47,createTaxonGroup
FN:58,deleteTaxonGroupById
FNF:7
FNH:5
FNDA:1,getAllTaxonGroups
FNDA:1,(anonymous_1)
FNDA:1,getTaxonGroupByName
FNDA:1,(anonymous_3)
FNDA:1,getTaxonGroupById
FNDA:0,createTaxonGroup
FNDA:0,deleteTaxonGroupById
DA:1,1
DA:8,1
DA:9,1
DA:14,1
DA:19,1
DA:22,1
DA:28,1
DA:32,1
DA:36,1
DA:42,1
DA:48,0
DA:59,0
DA:67,1
DA:75,1
LF:14
LH:12
BRF:0
BRH:0
end_of_record
TN:
SF:src/services/unverifiedSighting.ts
FN:8,getAllUnverifiedSightings
FN:10,(anonymous_1)
FN:29,getSightingsByOrganismId
FN:34,(anonymous_3)
FN:50,getSightingsByUserId
FN:54,(anonymous_5)
FN:73,createUnverifiedSighting
FN:89,deleteSightingById
FNF:8
FNH:6
FNDA:1,getAllUnverifiedSightings
FNDA:1,(anonymous_1)
FNDA:1,getSightingsByOrganismId
FNDA:1,(anonymous_3)
FNDA:1,getSightingsByUserId
FNDA:1,(anonymous_5)
FNDA:0,createUnverifiedSighting
FNDA:0,deleteSightingById
DA:1,1
DA:9,1
DA:10,1
DA:11,1
DA:23,1
DA:25,1
DA:31,1
DA:34,1
DA:35,1
DA:47,1
DA:51,1
DA:54,1
DA:55,1
DA:67,1
DA:75,0
DA:90,0
DA:97,1
DA:105,1
LF:18
LH:16
BRF:0
BRH:0
end_of_record
TN:
SF:src/services/user.ts
FN:5,getAllUsers
FN:8,(anonymous_2)
FN:21,getUserByName
FN:25,(anonymous_4)
FN:39,getUserById
FN:56,getUserByEmail
FN:73,getTrustedUsers
FN:77,(anonymous_8)
FN:89,getUserByLevel
FN:93,(anonymous_10)
FN:107,updateUser
FN:121,createUser
FN:150,deleteUserById
FNF:13
FNH:8
FNDA:1,getAllUsers
FNDA:1,(anonymous_2)
FNDA:1,getUserByName
FNDA:1,(anonymous_4)
FNDA:1,getUserById
FNDA:1,getUserByEmail
FNDA:0,getTrustedUsers
FNDA:0,(anonymous_8)
FNDA:1,getUserByLevel
FNDA:1,(anonymous_10)
FNDA:0,updateUser
FNDA:0,createUser
FNDA:0,deleteUserById
DA:1,1
DA:2,1
DA:7,1
DA:8,1
DA:9,1
DA:17,1
DA:22,1
DA:25,1
DA:26,1
DA:34,1
DA:40,1
DA:44,1
DA:53,1
DA:57,1
DA:61,1
DA:70,1
DA:74,0
DA:77,0
DA:78,0
DA:86,0
DA:90,1
DA:93,1
DA:94,1
DA:102,1
DA:108,0
DA:122,0
DA:123,0
DA:130,0
DA:132,0
DA:133,0
DA:134,0
DA:152,0
DA:158,0
DA:165,1
DA:177,1
LF:35
LH:22
BRF:0
BRH:0
end_of_record
TN:
SF:src/services/userGroup.ts
FN:6,getAllUserGroups
FN:9,(anonymous_1)
FN:19,getUserGroupByName
FN:23,(anonymous_3)
FN:32,getUserGroupById
FN:46,createUserGroup
FNF:6
FNH:5
FNDA:1,getAllUserGroups
FNDA:1,(anonymous_1)
FNDA:1,getUserGroupByName
FNDA:1,(anonymous_3)
FNDA:1,getUserGroupById
FNDA:0,createUserGroup
DA:1,1
DA:8,1
DA:9,1
DA:10,1
DA:15,1
DA:20,1
DA:23,1
DA:24,1
DA:29,1
DA:33,1
DA:36,1
DA:41,1
DA:47,0
DA:58,1
DA:65,1
LF:15
LH:14
BRF:0
BRH:0
end_of_record
TN:
SF:src/testutil/prisma.ts
FNF:0
FNH:0
DA:1,6
DA:3,6
DA:5,6
LF:3
LH:3
BRF:0
BRH:0
end_of_record
TN:
SF:src/utils/prisma.ts
FNF:0
FNH:0
DA:1,6
DA:3,6
DA:5,6
LF:3
LH:3
BRF:0
BRH:0
end_of_record
