TN:
SF:src/controllers/organism.ts
FN:7,getAllOrganisms
FN:16,getOrganismByName
FN:26,getOrganismById
FN:36,getOrganismByTaxonGroupId
FN:48,updateOrganism
FN:60,createOrganism
FN:72,deleteOrganismById
FNF:7
FNH:1
FNDA:1,getAllOrganisms
FNDA:0,getOrganismByName
FNDA:0,getOrganismById
FNDA:0,getOrganismByTaxonGroupId
FNDA:0,updateOrganism
FNDA:0,createOrganism
FNDA:0,deleteOrganismById
DA:2,1
DA:8,1
DA:9,1
DA:10,1
DA:12,0
DA:17,0
DA:18,0
DA:19,0
DA:20,0
DA:22,0
DA:27,0
DA:28,0
DA:29,0
DA:30,0
DA:32,0
DA:37,0
DA:38,0
DA:39,0
DA:40,0
DA:42,0
DA:49,0
DA:50,0
DA:51,0
DA:52,0
DA:54,0
DA:61,0
DA:62,0
DA:63,0
DA:64,0
DA:66,0
DA:73,0
DA:75,0
DA:76,0
DA:77,0
DA:79,0
DA:82,1
DA:88,1
LF:37
LH:6
BRDA:76,0,0,0
BRF:1
BRH:0
end_of_record
TN:
SF:src/services/confirmedSighting.ts
FN:6,getAllConfirmedSightings
FN:14,(anonymous_1)
FN:29,getSightingsByOrganismId
FN:39,(anonymous_3)
FN:53,getSightingsByUserId
FN:63,(anonymous_5)
FN:78,createConfirmedSighting
FN:99,deleteConfirmedSightingById
FNF:8
FNH:7
FNDA:1,getAllConfirmedSightings
FNDA:0,(anonymous_1)
FNDA:1,getSightingsByOrganismId
FNDA:1,(anonymous_3)
FNDA:1,getSightingsByUserId
FNDA:1,(anonymous_5)
FNDA:1,createConfirmedSighting
FNDA:1,deleteConfirmedSightingById
DA:1,1
DA:8,1
DA:9,1
DA:12,1
DA:14,1
DA:25,0
DA:31,1
DA:32,1
DA:37,0
DA:39,1
DA:40,1
DA:50,1
DA:55,1
DA:56,1
DA:61,0
DA:63,1
DA:64,1
DA:73,1
DA:80,1
DA:81,1
DA:92,0
DA:94,1
DA:101,1
DA:102,1
DA:108,0
DA:110,1
DA:113,1
DA:121,1
LF:28
LH:23
BRF:0
BRH:0
end_of_record
TN:
SF:src/services/organism.ts
FN:8,getAllOrganisms
FN:16,(anonymous_1)
FN:28,getOrganismByName
FN:38,(anonymous_3)
FN:53,getOrganismById
FN:76,getOrganismByTaxonGroupId
FN:88,(anonymous_6)
FN:105,updateOrganism
FN:129,createOrganism
FN:150,deleteOrganismById
FNF:10
FNH:9
FNDA:1,getAllOrganisms
FNDA:1,(anonymous_1)
FNDA:1,getOrganismByName
FNDA:1,(anonymous_3)
FNDA:1,getOrganismById
FNDA:1,getOrganismByTaxonGroupId
FNDA:0,(anonymous_6)
FNDA:1,updateOrganism
FNDA:1,createOrganism
FNDA:4,deleteOrganismById
DA:1,2
DA:10,1
DA:11,1
DA:14,0
DA:16,1
DA:17,1
DA:25,1
DA:30,1
DA:31,1
DA:36,0
DA:38,1
DA:39,1
DA:48,1
DA:56,1
DA:57,1
DA:62,0
DA:65,1
DA:73,1
DA:80,1
DA:81,1
DA:86,0
DA:88,1
DA:89,0
DA:97,0
DA:98,0
DA:108,1
DA:109,1
DA:121,0
DA:123,1
DA:131,1
DA:132,1
DA:142,0
DA:144,1
DA:152,4
DA:153,4
DA:159,1
DA:161,4
DA:164,2
DA:174,2
LF:39
LH:30
BRF:0
BRH:0
end_of_record
TN:
SF:src/services/taxonGroup.ts
FN:7,getAllTaxonGroups
FN:12,(anonymous_1)
FN:21,getTaxonGroupByName
FN:31,(anonymous_3)
FN:44,getTaxonGroupById
FN:78,createTaxonGroup
FN:96,deleteTaxonGroupById
FNF:7
FNH:7
FNDA:1,getAllTaxonGroups
FNDA:1,(anonymous_1)
FNDA:2,getTaxonGroupByName
FNDA:1,(anonymous_3)
FNDA:3,getTaxonGroupById
FNDA:1,createTaxonGroup
FNDA:1,deleteTaxonGroupById
DA:1,1
DA:11,1
DA:12,1
DA:13,1
DA:18,1
DA:23,2
DA:24,2
DA:29,1
DA:31,1
DA:32,1
DA:38,1
DA:39,0
DA:41,1
DA:47,3
DA:48,3
DA:52,3
DA:53,3
DA:55,2
DA:61,2
DA:64,1
DA:80,1
DA:81,1
DA:88,0
DA:89,0
DA:91,1
DA:98,1
DA:99,1
DA:105,0
DA:107,1
DA:110,1
DA:118,1
LF:31
LH:27
BRDA:38,0,0,0
BRDA:52,1,0,3
BRDA:52,1,1,1
BRDA:53,2,0,1
BRF:4
BRH:3
end_of_record
TN:
SF:src/services/userGroup.ts
FN:6,getAllUserGroups
FN:14,(anonymous_1)
FN:23,getUserGroupByName
FN:33,(anonymous_3)
FN:43,getUserGroupById
FN:65,updateUserGroup
FN:86,createUserGroup
FN:103,deleteUserGroupById
FNF:8
FNH:5
FNDA:1,getAllUserGroups
FNDA:1,(anonymous_1)
FNDA:1,getUserGroupByName
FNDA:1,(anonymous_3)
FNDA:1,getUserGroupById
FNDA:0,updateUserGroup
FNDA:0,createUserGroup
FNDA:0,deleteUserGroupById
DA:1,1
DA:8,1
DA:9,1
DA:12,0
DA:14,1
DA:15,1
DA:20,1
DA:25,1
DA:26,1
DA:31,0
DA:33,1
DA:34,1
DA:40,1
DA:46,1
DA:47,1
DA:52,0
DA:55,1
DA:60,1
DA:67,0
DA:68,0
DA:79,0
DA:81,0
DA:88,0
DA:89,0
DA:96,0
DA:98,0
DA:105,0
DA:106,0
DA:112,0
DA:114,0
DA:118,1
DA:127,1
LF:32
LH:17
BRF:0
BRH:0
end_of_record
TN:
SF:src/testutil/prisma.ts
FNF:0
FNH:0
DA:1,4
DA:3,4
DA:5,4
LF:3
LH:3
BRF:0
BRH:0
end_of_record
TN:
SF:src/utils/prisma.ts
FNF:0
FNH:0
DA:1,5
DA:3,5
DA:5,5
LF:3
LH:3
BRF:0
BRH:0
end_of_record
